<?xml version="1.0" encoding="UTF-8"?>
<testsuite xmlns:xsi="http://www.w3.org/2001/XMLSchema-instance" xsi:noNamespaceSchemaLocation="https://maven.apache.org/surefire/maven-surefire-plugin/xsd/surefire-test-report.xsd" name="org.owasp.webgoat.users.UserTrackerRepositoryTest" time="9" tests="3" errors="0" skipped="0" failures="0">
  <properties/>
  <testcase name="saveAndLoadShouldHaveCorrectNumberOfAttemtps" classname="org.owasp.webgoat.users.UserTrackerRepositoryTest" time="0.865"/>
  <testcase name="solvedAssignmentsShouldBeSaved" classname="org.owasp.webgoat.users.UserTrackerRepositoryTest" time="0.042"/>
  <testcase name="saveUserTracker" classname="org.owasp.webgoat.users.UserTrackerRepositoryTest" time="0.026"/>
</testsuite>