<?xml version="1.0" encoding="UTF-8"?>
<testsuite xmlns:xsi="http://www.w3.org/2001/XMLSchema-instance" xsi:noNamespaceSchemaLocation="https://maven.apache.org/surefire/maven-surefire-plugin/xsd/surefire-test-report.xsd" name="org.owasp.webgoat.users.UserValidatorTest" time="0.023" tests="3" errors="0" skipped="0" failures="0">
  <properties/>
  <testcase name="shouldGiveErrorWhenPasswordsDoNotMatch" classname="org.owasp.webgoat.users.UserValidatorTest" time="0.018"/>
  <testcase name="shouldGiveErrorWhenUserAlreadyExists" classname="org.owasp.webgoat.users.UserValidatorTest" time="0.004"/>
  <testcase name="passwordsShouldMatch" classname="org.owasp.webgoat.users.UserValidatorTest" time="0.001"/>
</testsuite>