<?xml version="1.0" encoding="UTF-8"?>
<testsuite xmlns:xsi="http://www.w3.org/2001/XMLSchema-instance" xsi:noNamespaceSchemaLocation="https://maven.apache.org/surefire/maven-surefire-plugin/xsd/surefire-test-report.xsd" name="org.owasp.webgoat.users.UserRepositoryTest" time="0.087" tests="1" errors="0" skipped="0" failures="0">
  <properties/>
  <testcase name="userShouldBeSaved" classname="org.owasp.webgoat.users.UserRepositoryTest" time="0.082"/>
</testsuite>