<?xml version="1.0" encoding="UTF-8"?>
<testsuite xmlns:xsi="http://www.w3.org/2001/XMLSchema-instance" xsi:noNamespaceSchemaLocation="https://maven.apache.org/surefire/maven-surefire-plugin/xsd/surefire-test-report.xsd" name="org.owasp.webgoat.service.LessonMenuServiceTest" time="0.286" tests="2" errors="0" skipped="0" failures="0">
  <properties/>
  <testcase name="lessonsShouldBeOrdered" classname="org.owasp.webgoat.service.LessonMenuServiceTest" time="0.174"/>
  <testcase name="lessonCompleted" classname="org.owasp.webgoat.service.LessonMenuServiceTest" time="0.105"/>
</testsuite>