<?xml version="1.0" encoding="UTF-8"?>
<testsuite xmlns:xsi="http://www.w3.org/2001/XMLSchema-instance" xsi:noNamespaceSchemaLocation="https://maven.apache.org/surefire/maven-surefire-plugin/xsd/surefire-test-report.xsd" name="org.owasp.webgoat.vulnerable_components.VulnerableComponentsLessonTest" time="1.427" tests="1" errors="0" skipped="0" failures="0">
  <properties/>
  <testcase name="success" classname="org.owasp.webgoat.vulnerable_components.VulnerableComponentsLessonTest" time="1.312"/>
</testsuite>